2025-08-01T17:23:06 | touched: scripts/cli.js
2025-03-29T15:23:27 | touched: contracts/Polkadotrelay.sol
2025-11-27T11:19:22 | touched: package.json
2025-10-09T10:02:23 | touched: scripts/cli.js
2025-12-19T05:36:16 | touched: package.json
2025-06-05T04:43:04 | touched: package.json
2025-03-17T17:12:06 | touched: scripts/api-server.js
2025-11-26T01:55:41 | touched: scripts/api-server.js
2025-09-17T09:29:27 | touched: contracts/Polkadotrelay.sol
2025-05-08T23:39:28 | touched: test/Polkadotrelay.test.js
2025-08-26T17:51:06 | touched: .env.example
2025-02-27T00:54:04 | touched: package.json
2025-06-18T01:39:48 | touched: scripts/cli.js
2025-07-26T17:31:50 | touched: contracts/Polkadotrelay.sol
2025-06-10T19:04:18 | touched: .env.example
2025-06-23T10:18:35 | touched: .env.example
2025-02-17T01:09:40 | touched: scripts/deploy.js
2025-07-15T06:15:54 | touched: scripts/api-server.js
2025-06-28T00:09:39 | touched: README.md
2025-02-03T07:28:44 | touched: LICENSE
2025-05-19T07:16:31 | touched: scripts/frontend-integration.js
2025-07-16T03:38:59 | touched: scripts/interact.js
2025-01-22T07:36:42 | touched: LICENSE
2025-12-13T01:38:34 | touched: .env.example
2025-04-04T23:12:42 | touched: contracts/Polkadotrelay.sol
2025-07-18T14:00:35 | touched: scripts/frontend-integration.js
2025-11-15T19:53:04 | touched: LICENSE
2025-09-19T18:36:28 | touched: contracts/Polkadotrelay.sol
2025-06-19T11:45:14 | touched: scripts/deploy.js
2025-06-20T13:26:47 | touched: scripts/cli.js
2025-09-26T20:30:09 | touched: README.md
2025-09-11T04:52:56 | touched: contracts/Polkadotrelay.sol
2025-11-18T07:40:55 | touched: package.json
2025-08-23T21:14:56 | touched: .env.example
2025-03-16T15:04:31 | touched: scripts/interact.js
2026-01-08T14:35:41 | touched: .env.example
2026-01-18T16:01:09 | touched: README.md
2026-01-03T00:00:04 | touched: scripts/deploy.js
2025-12-17T21:28:34 | touched: test/Polkadotrelay.test.js
2025-07-07T07:47:10 | touched: hardhat.config.js
2025-04-30T16:54:18 | touched: package.json
